[0.018s] Invoking command in '/home/robot/DOBOT_6Axis_ROS2_V4/build/dobot_msgs_v4': CMAKE_PREFIX_PATH=/opt/ros/humble CONDA_PROMPT_MODIFIER=(ros2) /usr/bin/cmake /home/robot/DOBOT_6Axis_ROS2_V4/dobot_msgs_v4 -DCMAKE_INSTALL_PREFIX=/home/robot/DOBOT_6Axis_ROS2_V4/install/dobot_msgs_v4
[0.336s] -- Found ament_cmake: 1.3.12 (/opt/ros/humble/share/ament_cmake/cmake)
[0.337s] -- Found rclcpp: 16.0.14 (/opt/ros/humble/share/rclcpp/cmake)
[0.337s] -- Found rosidl_generator_c: 3.1.7 (/opt/ros/humble/share/rosidl_generator_c/cmake)
[0.337s] -- Found rosidl_adapter: 3.1.7 (/opt/ros/humble/share/rosidl_adapter/cmake)
[0.337s] -- Found rosidl_generator_cpp: 3.1.7 (/opt/ros/humble/share/rosidl_generator_cpp/cmake)
[0.337s] -- Using all available rosidl_typesupport_c: rosidl_typesupport_fastrtps_c;rosidl_typesupport_introspection_c
[0.337s] -- Using all available rosidl_typesupport_cpp: rosidl_typesupport_fastrtps_cpp;rosidl_typesupport_introspection_cpp
[0.337s] -- Found rmw_implementation_cmake: 6.1.2 (/opt/ros/humble/share/rmw_implementation_cmake/cmake)
[0.337s] -- Found rmw_fastrtps_cpp: 6.2.8 (/opt/ros/humble/share/rmw_fastrtps_cpp/cmake)
[0.337s] -- Using RMW implementation 'rmw_fastrtps_cpp' as default
[0.337s] -- Found rosidl_default_generators: 1.2.0 (/opt/ros/humble/share/rosidl_default_generators/cmake)
[0.954s] -- Found ament_cmake_ros: 0.10.0 (/opt/ros/humble/share/ament_cmake_ros/cmake)
[1.226s] -- Using all available rosidl_typesupport_c: rosidl_typesupport_fastrtps_c;rosidl_typesupport_introspection_c
[1.322s] -- Using all available rosidl_typesupport_cpp: rosidl_typesupport_fastrtps_cpp;rosidl_typesupport_introspection_cpp
[1.335s] -- Found python_cmake_module: 0.10.0 (/opt/ros/humble/share/python_cmake_module/cmake)
[1.346s] -- Using PYTHON_EXECUTABLE: /home/robot/miniconda3/envs/ros2/bin/python3
[1.346s] -- Using PYTHON_INCLUDE_DIRS: /home/robot/miniconda3/envs/ros2/include/python3.10
[1.346s] -- Using PYTHON_LIBRARIES: /home/robot/miniconda3/envs/ros2/lib/libpython3.10.so
[1.468s] -- Using numpy include directory: /home/robot/miniconda3/envs/ros2/lib/python3.10/site-packages/numpy/core/include
[1.484s] -- Configuring done
[1.581s] [33mCMake Warning at /opt/ros/humble/share/rosidl_generator_py/cmake/rosidl_generator_py_generate_interfaces.cmake:166 (add_library):
[1.581s]   Cannot generate a safe runtime search path for target
[1.581s]   dobot_msgs_v4__rosidl_generator_py because files in some directories may
[1.581s]   conflict with libraries in implicit directories:
[1.581s] 
[1.581s]     runtime library [libpython3.10.so.1.0] in /usr/lib/x86_64-linux-gnu may be hidden by files in:
[1.581s]       /home/robot/miniconda3/envs/ros2/lib
[1.581s] 
[1.581s]   Some of these libraries may not be found correctly.
[1.581s] Call Stack (most recent call first):
[1.581s]   /opt/ros/humble/share/ament_cmake_core/cmake/core/ament_execute_extensions.cmake:48 (include)
[1.581s]   /opt/ros/humble/share/rosidl_cmake/cmake/rosidl_generate_interfaces.cmake:286 (ament_execute_extensions)
[1.581s]   CMakeLists.txt:128 (rosidl_generate_interfaces)
[1.581s] 
[1.581s] [0m
[1.584s] [33mCMake Warning at /opt/ros/humble/share/rosidl_generator_py/cmake/rosidl_generator_py_generate_interfaces.cmake:226 (add_library):
[1.584s]   Cannot generate a safe runtime search path for target
[1.584s]   dobot_msgs_v4__rosidl_typesupport_fastrtps_c__pyext because files in some
[1.584s]   directories may conflict with libraries in implicit directories:
[1.584s] 
[1.584s]     runtime library [libpython3.10.so.1.0] in /usr/lib/x86_64-linux-gnu may be hidden by files in:
[1.584s]       /home/robot/miniconda3/envs/ros2/lib
[1.584s] 
[1.584s]   Some of these libraries may not be found correctly.
[1.584s] Call Stack (most recent call first):
[1.584s]   /opt/ros/humble/share/ament_cmake_core/cmake/core/ament_execute_extensions.cmake:48 (include)
[1.584s]   /opt/ros/humble/share/rosidl_cmake/cmake/rosidl_generate_interfaces.cmake:286 (ament_execute_extensions)
[1.584s]   CMakeLists.txt:128 (rosidl_generate_interfaces)
[1.584s] 
[1.584s] [0m
[1.585s] [33mCMake Warning at /opt/ros/humble/share/rosidl_generator_py/cmake/rosidl_generator_py_generate_interfaces.cmake:226 (add_library):
[1.585s]   Cannot generate a safe runtime search path for target
[1.585s]   dobot_msgs_v4__rosidl_typesupport_introspection_c__pyext because files in
[1.585s]   some directories may conflict with libraries in implicit directories:
[1.585s] 
[1.585s]     runtime library [libpython3.10.so.1.0] in /usr/lib/x86_64-linux-gnu may be hidden by files in:
[1.585s]       /home/robot/miniconda3/envs/ros2/lib
[1.585s] 
[1.585s]   Some of these libraries may not be found correctly.
[1.586s] Call Stack (most recent call first):
[1.586s]   /opt/ros/humble/share/ament_cmake_core/cmake/core/ament_execute_extensions.cmake:48 (include)
[1.586s]   /opt/ros/humble/share/rosidl_cmake/cmake/rosidl_generate_interfaces.cmake:286 (ament_execute_extensions)
[1.586s]   CMakeLists.txt:128 (rosidl_generate_interfaces)
[1.586s] 
[1.586s] [0m
[1.586s] [33mCMake Warning at /opt/ros/humble/share/rosidl_generator_py/cmake/rosidl_generator_py_generate_interfaces.cmake:226 (add_library):
[1.586s]   Cannot generate a safe runtime search path for target
[1.586s]   dobot_msgs_v4__rosidl_typesupport_c__pyext because files in some
[1.586s]   directories may conflict with libraries in implicit directories:
[1.586s] 
[1.586s]     runtime library [libpython3.10.so.1.0] in /usr/lib/x86_64-linux-gnu may be hidden by files in:
[1.586s]       /home/robot/miniconda3/envs/ros2/lib
[1.586s] 
[1.586s]   Some of these libraries may not be found correctly.
[1.587s] Call Stack (most recent call first):
[1.587s]   /opt/ros/humble/share/ament_cmake_core/cmake/core/ament_execute_extensions.cmake:48 (include)
[1.587s]   /opt/ros/humble/share/rosidl_cmake/cmake/rosidl_generate_interfaces.cmake:286 (ament_execute_extensions)
[1.587s]   CMakeLists.txt:128 (rosidl_generate_interfaces)
[1.587s] 
[1.587s] [0m
[1.601s] -- Generating done
[1.617s] -- Build files have been written to: /home/robot/DOBOT_6Axis_ROS2_V4/build/dobot_msgs_v4
[1.629s] Invoked command in '/home/robot/DOBOT_6Axis_ROS2_V4/build/dobot_msgs_v4' returned '0': CMAKE_PREFIX_PATH=/opt/ros/humble CONDA_PROMPT_MODIFIER=(ros2) /usr/bin/cmake /home/robot/DOBOT_6Axis_ROS2_V4/dobot_msgs_v4 -DCMAKE_INSTALL_PREFIX=/home/robot/DOBOT_6Axis_ROS2_V4/install/dobot_msgs_v4
[1.631s] Invoking command in '/home/robot/DOBOT_6Axis_ROS2_V4/build/dobot_msgs_v4': CMAKE_PREFIX_PATH=/opt/ros/humble CONDA_PROMPT_MODIFIER=(ros2) /usr/bin/cmake --build /home/robot/DOBOT_6Axis_ROS2_V4/build/dobot_msgs_v4 -- -j18 -l18
[1.728s] [  0%] [34m[1mGenerating C code for ROS interfaces[0m
[1.737s] [  0%] Built target ament_cmake_python_copy_dobot_msgs_v4
[1.740s] [  0%] [34m[1mGenerating C++ code for ROS interfaces[0m
[1.766s] Traceback (most recent call last):
[1.766s]   File "/opt/ros/humble/share/rosidl_generator_c/cmake/../../../lib/rosidl_generator_c/rosidl_generator_c", line 8, in <module>
[1.766s]     from rosidl_generator_c import generate_c
[1.766s]   File "/opt/ros/humble/local/lib/python3.10/dist-packages/rosidl_generator_c/__init__.py", line 15, in <module>
[1.766s]     from rosidl_cmake import convert_camel_case_to_lower_case_underscore
[1.766s]   File "/opt/ros/humble/local/lib/python3.10/dist-packages/rosidl_cmake/__init__.py", line 24, in <module>
[1.766s]     from rosidl_parser.parser import parse_idl_file
[1.766s]   File "/opt/ros/humble/local/lib/python3.10/dist-packages/rosidl_parser/parser.py", line 20, in <module>
[1.766s]     from lark import Lark
[1.766s] ModuleNotFoundError: No module named 'lark'
[1.771s] gmake[2]: *** [CMakeFiles/dobot_msgs_v4__rosidl_generator_c.dir/build.make:214Ôºörosidl_generator_c/dobot_msgs_v4/msg/robot_status.h] ÈîôËØØ 1
[1.771s] gmake[1]: *** [CMakeFiles/Makefile2:212ÔºöCMakeFiles/dobot_msgs_v4__rosidl_generator_c.dir/all] ÈîôËØØ 2
[1.771s] gmake[1]: *** Ê≠£Âú®Á≠âÂæÖÊú™ÂÆåÊàêÁöÑ‰ªªÂä°....
[1.772s] Traceback (most recent call last):
[1.772s]   File "/opt/ros/humble/share/rosidl_generator_cpp/cmake/../../../lib/rosidl_generator_cpp/rosidl_generator_cpp", line 8, in <module>
[1.772s]     from rosidl_generator_cpp import generate_cpp
[1.772s]   File "/opt/ros/humble/local/lib/python3.10/dist-packages/rosidl_generator_cpp/__init__.py", line 17, in <module>
[1.773s]     from rosidl_cmake import generate_files
[1.773s]   File "/opt/ros/humble/local/lib/python3.10/dist-packages/rosidl_cmake/__init__.py", line 24, in <module>
[1.773s]     from rosidl_parser.parser import parse_idl_file
[1.773s]   File "/opt/ros/humble/local/lib/python3.10/dist-packages/rosidl_parser/parser.py", line 20, in <module>
[1.773s]     from lark import Lark
[1.773s] ModuleNotFoundError: No module named 'lark'
[1.778s] gmake[2]: *** [CMakeFiles/dobot_msgs_v4__cpp.dir/build.make:695Ôºörosidl_generator_cpp/dobot_msgs_v4/msg/robot_status.hpp] ÈîôËØØ 1
[1.778s] gmake[1]: *** [CMakeFiles/Makefile2:265ÔºöCMakeFiles/dobot_msgs_v4__cpp.dir/all] ÈîôËØØ 2
[1.863s] running egg_info
[1.868s] creating dobot_msgs_v4.egg-info
[1.868s] writing dobot_msgs_v4.egg-info/PKG-INFO
[1.868s] writing dependency_links to dobot_msgs_v4.egg-info/dependency_links.txt
[1.868s] writing top-level names to dobot_msgs_v4.egg-info/top_level.txt
[1.868s] writing manifest file 'dobot_msgs_v4.egg-info/SOURCES.txt'
[1.882s] reading manifest file 'dobot_msgs_v4.egg-info/SOURCES.txt'
[1.883s] writing manifest file 'dobot_msgs_v4.egg-info/SOURCES.txt'
[1.904s] [  0%] Built target ament_cmake_python_build_dobot_msgs_v4_egg
[1.905s] gmake: *** [Makefile:146Ôºöall] ÈîôËØØ 2
[1.907s] Invoked command in '/home/robot/DOBOT_6Axis_ROS2_V4/build/dobot_msgs_v4' returned '2': CMAKE_PREFIX_PATH=/opt/ros/humble CONDA_PROMPT_MODIFIER=(ros2) /usr/bin/cmake --build /home/robot/DOBOT_6Axis_ROS2_V4/build/dobot_msgs_v4 -- -j18 -l18
